SF:D:\Projects\StuartFerguson\EstateAdministrationUI\EstateAdministrationUI.BusinessLogic\Factories\ModelFactory.cs
FN:24,EstateAdministrationUI.BusinessLogic.Models.EstateModel EstateAdministrationUI.BusinessLogic.Factories.ModelFactory::ConvertFrom(EstateManagement.DataTransferObjects.Responses.EstateResponse)
FNDA:0,EstateAdministrationUI.BusinessLogic.Models.EstateModel EstateAdministrationUI.BusinessLogic.Factories.ModelFactory::ConvertFrom(EstateManagement.DataTransferObjects.Responses.EstateResponse)
DA:25,0
DA:26,0
DA:27,0
DA:28,0
DA:31,0
DA:32,0
DA:33,0
DA:34,0
DA:35,0
DA:36,0
DA:37,0
DA:38,0
DA:39,0
BRDA:26,7,0,0
BRDA:26,7,1,0
FN:47,System.Collections.Generic.List`1<EstateAdministrationUI.BusinessLogic.Models.MerchantModel> EstateAdministrationUI.BusinessLogic.Factories.ModelFactory::ConvertFrom(System.Collections.Generic.List`1<EstateManagement.DataTransferObjects.Responses.MerchantResponse>)
FNDA:0,System.Collections.Generic.List`1<EstateAdministrationUI.BusinessLogic.Models.MerchantModel> EstateAdministrationUI.BusinessLogic.Factories.ModelFactory::ConvertFrom(System.Collections.Generic.List`1<EstateManagement.DataTransferObjects.Responses.MerchantResponse>)
DA:48,0
DA:49,0
DA:50,0
DA:51,0
DA:54,0
DA:56,0
DA:57,0
DA:58,0
DA:60,0
DA:61,0
DA:63,0
DA:64,0
BRDA:49,2,0,0
BRDA:49,2,1,0
BRDA:49,18,0,0
BRDA:49,18,1,0
BRDA:56,83,1,0
BRDA:56,83,0,0
FN:71,EstateAdministrationUI.BusinessLogic.Models.MerchantModel EstateAdministrationUI.BusinessLogic.Factories.ModelFactory::ConvertFrom(EstateManagement.DataTransferObjects.Responses.MerchantResponse)
FNDA:0,EstateAdministrationUI.BusinessLogic.Models.MerchantModel EstateAdministrationUI.BusinessLogic.Factories.ModelFactory::ConvertFrom(EstateManagement.DataTransferObjects.Responses.MerchantResponse)
DA:72,0
DA:73,0
DA:74,0
DA:75,0
DA:78,0
DA:79,0
DA:80,0
DA:81,0
DA:82,0
DA:83,0
DA:84,0
DA:85,0
DA:87,0
DA:88,0
DA:89,0
DA:90,0
DA:91,0
DA:92,0
DA:93,0
DA:94,0
DA:95,0
DA:96,0
DA:97,0
DA:98,0
DA:99,0
DA:100,0
DA:101,0
DA:102,0
DA:104,0
DA:105,0
DA:106,0
DA:107,0
DA:108,0
DA:109,0
DA:110,0
DA:111,0
DA:112,0
DA:113,0
DA:114,0
DA:116,0
DA:117,0
DA:118,0
DA:119,0
DA:120,0
DA:121,0
DA:122,0
DA:123,0
DA:124,0
DA:125,0
DA:126,0
DA:128,0
DA:129,0
DA:130,0
DA:131,0
DA:132,0
DA:133,0
DA:134,0
DA:135,0
DA:137,0
DA:138,0
BRDA:73,13,0,0
BRDA:73,13,1,0
BRDA:87,109,0,0
BRDA:87,109,1,0
BRDA:87,127,0,0
BRDA:87,127,1,0
BRDA:104,178,0,0
BRDA:104,178,1,0
BRDA:104,196,0,0
BRDA:104,196,1,0
BRDA:116,247,0,0
BRDA:116,247,1,0
BRDA:116,267,0,0
BRDA:116,267,1,0
BRDA:128,318,0,0
BRDA:128,318,1,0
BRDA:128,338,0,0
BRDA:131,423,1,0
BRDA:131,423,0,0
BRDA:128,338,1,0
FN:145,EstateAdministrationUI.BusinessLogic.Models.CreateMerchantResponseModel EstateAdministrationUI.BusinessLogic.Factories.ModelFactory::ConvertFrom(EstateManagement.DataTransferObjects.Responses.CreateMerchantResponse)
FNDA:0,EstateAdministrationUI.BusinessLogic.Models.CreateMerchantResponseModel EstateAdministrationUI.BusinessLogic.Factories.ModelFactory::ConvertFrom(EstateManagement.DataTransferObjects.Responses.CreateMerchantResponse)
DA:146,0
DA:147,0
DA:148,0
DA:149,0
DA:152,0
DA:153,0
DA:154,0
DA:155,0
DA:156,0
DA:157,0
DA:158,0
DA:159,0
BRDA:147,7,0,0
BRDA:147,7,1,0
FN:167,EstateManagement.DataTransferObjects.Requests.CreateMerchantRequest EstateAdministrationUI.BusinessLogic.Factories.ModelFactory::ConvertFrom(EstateAdministrationUI.BusinessLogic.Models.CreateMerchantModel)
FNDA:0,EstateManagement.DataTransferObjects.Requests.CreateMerchantRequest EstateAdministrationUI.BusinessLogic.Factories.ModelFactory::ConvertFrom(EstateAdministrationUI.BusinessLogic.Models.CreateMerchantModel)
DA:168,0
DA:169,0
DA:170,0
DA:171,0
DA:174,0
DA:175,0
DA:176,0
DA:177,0
DA:178,0
DA:179,0
DA:180,0
DA:181,0
DA:182,0
DA:183,0
DA:184,0
DA:185,0
DA:186,0
DA:187,0
DA:188,0
DA:189,0
DA:190,0
DA:191,0
DA:192,0
DA:193,0
DA:194,0
DA:196,0
DA:197,0
BRDA:169,7,0,0
BRDA:169,7,1,0
FN:205,EstateManagement.DataTransferObjects.Requests.MakeMerchantDepositRequest EstateAdministrationUI.BusinessLogic.Factories.ModelFactory::ConvertFrom(EstateAdministrationUI.BusinessLogic.Models.MakeMerchantDepositModel)
FNDA:0,EstateManagement.DataTransferObjects.Requests.MakeMerchantDepositRequest EstateAdministrationUI.BusinessLogic.Factories.ModelFactory::ConvertFrom(EstateAdministrationUI.BusinessLogic.Models.MakeMerchantDepositModel)
DA:206,0
DA:207,0
DA:208,0
DA:209,0
DA:212,0
DA:213,0
DA:214,0
DA:215,0
DA:216,0
DA:217,0
DA:218,0
DA:220,0
DA:221,0
BRDA:207,7,0,0
BRDA:207,7,1,0
FN:228,EstateAdministrationUI.BusinessLogic.Models.MakeMerchantDepositResponseModel EstateAdministrationUI.BusinessLogic.Factories.ModelFactory::ConvertFrom(EstateManagement.DataTransferObjects.Responses.MakeMerchantDepositResponse)
FNDA:0,EstateAdministrationUI.BusinessLogic.Models.MakeMerchantDepositResponseModel EstateAdministrationUI.BusinessLogic.Factories.ModelFactory::ConvertFrom(EstateManagement.DataTransferObjects.Responses.MakeMerchantDepositResponse)
DA:229,0
DA:230,0
DA:231,0
DA:232,0
DA:235,0
DA:236,0
DA:237,0
DA:238,0
DA:239,0
DA:240,0
DA:241,0
BRDA:230,7,0,0
BRDA:230,7,1,0
FN:249,System.Collections.Generic.List`1<EstateAdministrationUI.BusinessLogic.Models.EstateOperatorModel> EstateAdministrationUI.BusinessLogic.Factories.ModelFactory::ConvertOperators(System.Collections.Generic.List`1<EstateManagement.DataTransferObjects.Responses.EstateOperatorResponse>)
FNDA:0,System.Collections.Generic.List`1<EstateAdministrationUI.BusinessLogic.Models.EstateOperatorModel> EstateAdministrationUI.BusinessLogic.Factories.ModelFactory::ConvertOperators(System.Collections.Generic.List`1<EstateManagement.DataTransferObjects.Responses.EstateOperatorResponse>)
DA:250,0
DA:251,0
DA:252,0
DA:253,0
DA:256,0
DA:257,0
DA:258,0
DA:259,0
DA:260,0
DA:261,0
DA:262,0
DA:263,0
DA:264,0
DA:265,0
DA:266,0
DA:268,0
DA:269,0
BRDA:251,2,0,0
BRDA:251,2,1,0
BRDA:251,18,0,0
BRDA:251,18,1,0
BRDA:257,127,1,0
BRDA:257,127,0,0
FN:277,System.Collections.Generic.List`1<EstateAdministrationUI.BusinessLogic.Models.SecurityUserModel> EstateAdministrationUI.BusinessLogic.Factories.ModelFactory::ConvertSecurityUsers(System.Collections.Generic.List`1<EstateManagement.DataTransferObjects.Responses.SecurityUserResponse>)
FNDA:0,System.Collections.Generic.List`1<EstateAdministrationUI.BusinessLogic.Models.SecurityUserModel> EstateAdministrationUI.BusinessLogic.Factories.ModelFactory::ConvertSecurityUsers(System.Collections.Generic.List`1<EstateManagement.DataTransferObjects.Responses.SecurityUserResponse>)
DA:278,0
DA:279,0
DA:280,0
DA:281,0
DA:284,0
DA:285,0
DA:286,0
DA:287,0
DA:288,0
DA:289,0
DA:290,0
DA:291,0
DA:292,0
DA:294,0
DA:295,0
BRDA:279,2,0,0
BRDA:279,2,1,0
BRDA:279,18,0,0
BRDA:279,18,1,0
BRDA:285,99,1,0
BRDA:285,99,0,0
LF:180
LH:0
BRF:48
BRH:0
FNF:9
FNH:0
end_of_record
SF:D:\Projects\StuartFerguson\EstateAdministrationUI\EstateAdministrationUI\Areas\Account\Views\SignIn\LoggedIn.cshtml
FN:2,System.Void AspNetCore.Areas_Account_Views_SignIn_LoggedIn/<ExecuteAsync>d__0::MoveNext()
FNDA:0,System.Void AspNetCore.Areas_Account_Views_SignIn_LoggedIn/<ExecuteAsync>d__0::MoveNext()
DA:3,0
DA:4,0
LF:2
LH:0
BRF:0
BRH:0
FNF:1
FNH:0
end_of_record
SF:D:\Projects\StuartFerguson\EstateAdministrationUI\EstateAdministrationUI\Areas\Estate\Views\Home\CreateMerchant.cshtml
FN:3,System.Void AspNetCore.Areas_Estate_Views_Home_CreateMerchant/<ExecuteAsync>d__28::MoveNext()
FNDA:0,System.Void AspNetCore.Areas_Estate_Views_Home_CreateMerchant/<ExecuteAsync>d__28::MoveNext()
DA:4,0
DA:5,0
BRDA:4,51,1,0
BRDA:4,51,0,0
BRDA:5,741,0,0
BRDA:5,741,1,0
FN:21,System.Void AspNetCore.Areas_Estate_Views_Home_CreateMerchant/<<ExecuteAsync>b__28_0>d::MoveNext()
FNDA:0,System.Void AspNetCore.Areas_Estate_Views_Home_CreateMerchant/<<ExecuteAsync>b__28_0>d::MoveNext()
DA:22,0
DA:23,0
DA:27,0
DA:28,0
DA:30,0
DA:31,0
DA:35,0
DA:36,0
DA:39,0
DA:40,0
DA:45,0
DA:46,0
DA:49,0
DA:50,0
DA:57,0
DA:58,0
DA:62,0
DA:63,0
DA:66,0
DA:67,0
BRDA:22,808,0,0
BRDA:22,808,1,0
BRDA:23,1560,0,0
BRDA:23,1560,1,0
BRDA:27,2160,0,0
BRDA:27,2160,1,0
BRDA:28,2912,0,0
BRDA:28,2912,1,0
BRDA:30,3512,0,0
BRDA:30,3512,1,0
BRDA:31,4266,0,0
BRDA:31,4266,1,0
BRDA:35,4868,0,0
BRDA:35,4868,1,0
BRDA:36,5622,0,0
BRDA:36,5622,1,0
BRDA:39,6224,0,0
BRDA:39,6224,1,0
BRDA:40,6978,0,0
BRDA:40,6978,1,0
BRDA:45,7580,0,0
BRDA:45,7580,1,0
BRDA:46,8334,0,0
BRDA:46,8334,1,0
BRDA:49,8936,0,0
BRDA:49,8936,1,0
BRDA:50,9690,0,0
BRDA:50,9690,1,0
BRDA:57,10292,0,0
BRDA:57,10292,1,0
BRDA:58,11046,0,0
BRDA:58,11046,1,0
BRDA:62,11648,0,0
BRDA:62,11648,1,0
BRDA:63,12402,0,0
BRDA:63,12402,1,0
BRDA:66,13004,0,0
BRDA:66,13004,1,0
BRDA:67,13758,0,0
BRDA:67,13758,1,0
LF:22
LH:0
BRF:44
BRH:0
FNF:2
FNH:0
end_of_record
SF:D:\Projects\StuartFerguson\EstateAdministrationUI\EstateAdministrationUI\Areas\Estate\Views\Home\EstateDetails.cshtml
FN:2,System.Void AspNetCore.Areas_Estate_Views_Home_EstateDetails/<ExecuteAsync>d__19::MoveNext()
FNDA:0,System.Void AspNetCore.Areas_Estate_Views_Home_EstateDetails/<ExecuteAsync>d__19::MoveNext()
DA:3,0
DA:4,0
BRDA:3,34,1,0
BRDA:3,34,0,0
BRDA:4,724,0,0
BRDA:4,724,1,0
FN:20,System.Void AspNetCore.Areas_Estate_Views_Home_EstateDetails/<<ExecuteAsync>b__19_0>d::MoveNext()
FNDA:0,System.Void AspNetCore.Areas_Estate_Views_Home_EstateDetails/<<ExecuteAsync>b__19_0>d::MoveNext()
DA:21,0
DA:22,0
BRDA:21,481,0,0
BRDA:21,481,1,0
BRDA:22,1285,0,0
BRDA:22,1285,1,0
LF:4
LH:0
BRF:8
BRH:0
FNF:2
FNH:0
end_of_record
SF:D:\Projects\StuartFerguson\EstateAdministrationUI\EstateAdministrationUI\Areas\Estate\Views\Home\Index.cshtml
FN:1,System.Void AspNetCore.Areas_Estate_Views_Home_Index/<ExecuteAsync>d__0::MoveNext()
FNDA:0,System.Void AspNetCore.Areas_Estate_Views_Home_Index/<ExecuteAsync>d__0::MoveNext()
DA:2,0
DA:3,0
BRDA:2,13,1,0
BRDA:2,13,0,0
LF:2
LH:0
BRF:2
BRH:0
FNF:1
FNH:0
end_of_record
SF:D:\Projects\StuartFerguson\EstateAdministrationUI\EstateAdministrationUI\Areas\Estate\Views\Home\MakeMerchantDeposit.cshtml
FN:3,System.Void AspNetCore.Areas_Estate_Views_Home_MakeMerchantDeposit/<ExecuteAsync>d__23::MoveNext()
FNDA:0,System.Void AspNetCore.Areas_Estate_Views_Home_MakeMerchantDeposit/<ExecuteAsync>d__23::MoveNext()
DA:4,0
DA:5,0
BRDA:4,51,1,0
BRDA:4,51,0,0
BRDA:5,741,0,0
BRDA:5,741,1,0
FN:19,System.Void AspNetCore.Areas_Estate_Views_Home_MakeMerchantDeposit/<<ExecuteAsync>b__23_0>d::MoveNext()
FNDA:0,System.Void AspNetCore.Areas_Estate_Views_Home_MakeMerchantDeposit/<<ExecuteAsync>b__23_0>d::MoveNext()
DA:20,0
DA:21,0
DA:24,0
DA:25,0
DA:28,0
DA:29,0
DA:32,0
DA:33,0
BRDA:24,757,0,0
BRDA:24,757,1,0
BRDA:25,1509,0,0
BRDA:25,1509,1,0
BRDA:28,2109,0,0
BRDA:28,2109,1,0
BRDA:29,2905,0,0
BRDA:29,2905,1,0
BRDA:32,3505,0,0
BRDA:32,3505,1,0
BRDA:33,4259,0,0
BRDA:33,4259,1,0
LF:10
LH:0
BRF:16
BRH:0
FNF:2
FNH:0
end_of_record
SF:D:\Projects\StuartFerguson\EstateAdministrationUI\EstateAdministrationUI\Areas\Estate\Views\Home\MerchantDetails.cshtml
FN:4,System.Void AspNetCore.Areas_Estate_Views_Home_MerchantDetails/<ExecuteAsync>d__18::MoveNext()
FNDA:0,System.Void AspNetCore.Areas_Estate_Views_Home_MerchantDetails/<ExecuteAsync>d__18::MoveNext()
DA:5,0
DA:6,0
DA:18,0
DA:126,0
DA:153,0
BRDA:5,51,1,0
BRDA:5,51,0,0
BRDA:18,807,0,0
BRDA:18,807,1,0
FN:38,System.Void AspNetCore.Areas_Estate_Views_Home_MerchantDetails/<<ExecuteAsync>b__18_0>d::MoveNext()
FNDA:0,System.Void AspNetCore.Areas_Estate_Views_Home_MerchantDetails/<<ExecuteAsync>b__18_0>d::MoveNext()
DA:39,0
DA:40,0
DA:43,0
DA:44,0
DA:47,0
DA:48,0
DA:54,0
DA:55,0
DA:58,0
DA:59,0
DA:63,0
DA:64,0
DA:67,0
DA:68,0
DA:73,0
DA:74,0
DA:77,0
DA:78,0
BRDA:39,789,0,0
BRDA:39,789,1,0
BRDA:40,1571,0,0
BRDA:40,1571,1,0
BRDA:43,2171,0,0
BRDA:43,2171,1,0
BRDA:44,2869,0,0
BRDA:44,2869,1,0
BRDA:47,3469,0,0
BRDA:47,3469,1,0
BRDA:48,4169,0,0
BRDA:48,4169,1,0
BRDA:54,4821,0,0
BRDA:54,4821,1,0
BRDA:55,5655,0,0
BRDA:55,5655,1,0
BRDA:58,6307,0,0
BRDA:58,6307,1,0
BRDA:59,7057,0,0
BRDA:59,7057,1,0
BRDA:63,7709,0,0
BRDA:63,7709,1,0
BRDA:64,8543,0,0
BRDA:64,8543,1,0
BRDA:67,9195,0,0
BRDA:67,9195,1,0
BRDA:68,10029,0,0
BRDA:68,10029,1,0
BRDA:73,10681,0,0
BRDA:73,10681,1,0
BRDA:74,11515,0,0
BRDA:74,11515,1,0
BRDA:77,12167,0,0
BRDA:77,12167,1,0
BRDA:78,13001,0,0
BRDA:78,13001,1,0
LF:23
LH:0
BRF:40
BRH:0
FNF:2
FNH:0
end_of_record
SF:D:\Projects\StuartFerguson\EstateAdministrationUI\EstateAdministrationUI\Areas\Estate\Views\Home\MerchantList.cshtml
FN:3,System.Void AspNetCore.Areas_Estate_Views_Home_MerchantList/<ExecuteAsync>d__12::MoveNext()
FNDA:0,System.Void AspNetCore.Areas_Estate_Views_Home_MerchantList/<ExecuteAsync>d__12::MoveNext()
DA:4,0
DA:5,0
BRDA:4,51,1,0
BRDA:4,51,0,0
BRDA:5,654,0,0
BRDA:5,654,1,0
LF:2
LH:0
BRF:4
BRH:0
FNF:1
FNH:0
end_of_record
SF:D:\Projects\StuartFerguson\EstateAdministrationUI\EstateAdministrationUI\Areas\Estate\Views\Shared\_Layout.cshtml
FN:11,System.Void AspNetCore.Areas_Estate_Views_Shared__Layout/<<ExecuteAsync>b__32_0>d::MoveNext()
FNDA:0,System.Void AspNetCore.Areas_Estate_Views_Shared__Layout/<<ExecuteAsync>b__32_0>d::MoveNext()
DA:12,0
DA:15,0
DA:16,0
DA:17,0
BRDA:12,199,1,0
BRDA:12,199,0,0
BRDA:12,291,1,0
BRDA:12,291,0,0
FN:26,System.Void AspNetCore.Areas_Estate_Views_Shared__Layout/<<ExecuteAsync>b__32_1>d::MoveNext()
FNDA:0,System.Void AspNetCore.Areas_Estate_Views_Shared__Layout/<<ExecuteAsync>b__32_1>d::MoveNext()
DA:27,0
DA:28,0
DA:83,0
DA:96,0
DA:97,0
DA:208,0
DA:232,0
DA:234,0
DA:242,0
DA:249,0
DA:250,0
BRDA:27,200,0,0
BRDA:28,679,0,0
BRDA:28,679,1,0
BRDA:28,1323,0,0
BRDA:28,1323,1,0
BRDA:28,1967,0,0
BRDA:28,1967,1,0
BRDA:28,2611,0,0
BRDA:28,2611,1,0
BRDA:27,200,1,0
BRDA:96,2856,0,0
BRDA:96,2856,1,0
BRDA:234,3816,0,0
BRDA:234,3816,1,0
BRDA:242,4342,0,0
BRDA:242,4342,1,0
BRDA:250,5034,0,0
BRDA:250,5034,1,0
BRDA:250,5675,0,0
BRDA:250,5675,1,0
LF:15
LH:0
BRF:24
BRH:0
FNF:2
FNH:0
end_of_record
SF:D:\Projects\StuartFerguson\EstateAdministrationUI\EstateAdministrationUI\Views\Home\Index.cshtml
FN:1,System.Void AspNetCore.Views_Home_Index/<ExecuteAsync>d__0::MoveNext()
FNDA:0,System.Void AspNetCore.Views_Home_Index/<ExecuteAsync>d__0::MoveNext()
DA:2,0
BRDA:2,13,1,0
BRDA:2,13,0,0
LF:1
LH:0
BRF:2
BRH:0
FNF:1
FNH:0
end_of_record
SF:D:\Projects\StuartFerguson\EstateAdministrationUI\EstateAdministrationUI\Views\Home\Privacy.cshtml
FN:1,System.Void AspNetCore.Views_Home_Privacy/<ExecuteAsync>d__0::MoveNext()
FNDA:0,System.Void AspNetCore.Views_Home_Privacy/<ExecuteAsync>d__0::MoveNext()
DA:2,0
DA:4,0
BRDA:2,13,1,0
BRDA:2,13,0,0
BRDA:4,133,1,0
BRDA:4,133,0,0
BRDA:4,225,1,0
BRDA:4,225,0,0
LF:2
LH:0
BRF:6
BRH:0
FNF:1
FNH:0
end_of_record
SF:D:\Projects\StuartFerguson\EstateAdministrationUI\EstateAdministrationUI\Views\Shared\Error.cshtml
FN:2,System.Void AspNetCore.Views_Shared_Error/<ExecuteAsync>d__0::MoveNext()
FNDA:0,System.Void AspNetCore.Views_Shared_Error/<ExecuteAsync>d__0::MoveNext()
DA:3,0
DA:9,0
DA:10,0
DA:12,0
DA:14,0
BRDA:9,70,0,0
BRDA:9,70,1,0
LF:5
LH:0
BRF:2
BRH:0
FNF:1
FNH:0
end_of_record
SF:D:\Projects\StuartFerguson\EstateAdministrationUI\EstateAdministrationUI\Views\Shared\_CookieConsentPartial.cshtml
FN:3,System.Void AspNetCore.Views_Shared__CookieConsentPartial/<ExecuteAsync>d__10::MoveNext()
FNDA:0,System.Void AspNetCore.Views_Shared__CookieConsentPartial/<ExecuteAsync>d__10::MoveNext()
DA:4,0
DA:5,0
DA:6,0
DA:9,0
DA:10,0
DA:13,0
DA:25,0
BRDA:5,81,0,0
BRDA:5,81,1,0
BRDA:6,108,0,0
BRDA:6,108,1,0
BRDA:9,149,0,0
BRDA:10,584,0,0
BRDA:10,584,1,0
BRDA:9,149,1,0
LF:7
LH:0
BRF:8
BRH:0
FNF:1
FNH:0
end_of_record
SF:D:\Projects\StuartFerguson\EstateAdministrationUI\EstateAdministrationUI\Views\Shared\_Layout.cshtml
FN:11,System.Void AspNetCore.Views_Shared__Layout/<<ExecuteAsync>b__22_0>d::MoveNext()
FNDA:0,System.Void AspNetCore.Views_Shared__Layout/<<ExecuteAsync>b__22_0>d::MoveNext()
DA:12,0
DA:14,0
BRDA:12,174,1,0
BRDA:12,174,0,0
BRDA:12,266,1,0
BRDA:12,266,0,0
FN:253,System.Void AspNetCore.Views_Shared__Layout/<<ExecuteAsync>b__22_6>d::MoveNext()
FNDA:0,System.Void AspNetCore.Views_Shared__Layout/<<ExecuteAsync>b__22_6>d::MoveNext()
DA:254,0
DA:255,0
FN:53,System.Void AspNetCore.Views_Shared__Layout/<<ExecuteAsync>b__22_1>d::MoveNext()
FNDA:0,System.Void AspNetCore.Views_Shared__Layout/<<ExecuteAsync>b__22_1>d::MoveNext()
DA:54,0
DA:55,0
DA:166,0
DA:190,0
DA:192,0
DA:200,0
DA:207,0
DA:208,0
BRDA:54,145,0,0
BRDA:54,145,1,0
BRDA:192,1102,0,0
BRDA:192,1102,1,0
BRDA:200,1626,0,0
BRDA:200,1626,1,0
BRDA:208,2316,0,0
BRDA:208,2316,1,0
BRDA:208,2955,0,0
BRDA:208,2955,1,0
LF:12
LH:0
BRF:14
BRH:0
FNF:3
FNH:0
end_of_record
SF:D:\Projects\StuartFerguson\EstateAdministrationUI\EstateAdministrationUI\Views\Shared\_StatusMessage.cshtml
FN:1,System.Void AspNetCore.Views_Shared__StatusMessage/<ExecuteAsync>d__0::MoveNext()
FNDA:0,System.Void AspNetCore.Views_Shared__StatusMessage/<ExecuteAsync>d__0::MoveNext()
DA:2,0
DA:3,0
DA:4,0
DA:6,0
DA:7,0
DA:8,0
DA:10,0
DA:12,0
BRDA:6,120,0,0
BRDA:6,120,1,0
LF:8
LH:0
BRF:2
BRH:0
FNF:1
FNH:0
end_of_record
SF:D:\Projects\StuartFerguson\EstateAdministrationUI\EstateAdministrationUI\Views\_ViewStart.cshtml
FN:1,System.Void AspNetCore.Views__ViewStart/<ExecuteAsync>d__0::MoveNext()
FNDA:0,System.Void AspNetCore.Views__ViewStart/<ExecuteAsync>d__0::MoveNext()
DA:2,0
LF:1
LH:0
BRF:0
BRH:0
FNF:1
FNH:0
end_of_record